<?xml version="1.0" encoding="UTF-8"?>
<!-- Generated by org.testng.reporters.JUnitReportReporter -->
<testsuite hostname="anchanto-ThinkCentre-Edge71" name="JDemo.JDemo.JDemoClass" tests="1" failures="0" timestamp="9 Aug 2016 05:52:23 GMT" time="0.010" errors="0">
  <testcase name="testDemo" time="0.010" classname="JDemo.JDemo.JDemoClass"/>
</testsuite> <!-- JDemo.JDemo.JDemoClass -->
